jsbien@VivoPC-D8:~/GitHub$ git clone https://github.com/jsbien/Parkosz4IIIF.git
Cloning into 'Parkosz4IIIF'...
remote: Enumerating objects: 380, done.        
remote: Total 380 (delta 0), reused 0 (delta 0), pack-reused 380        
Receiving objects: 100% (380/380), 14.33 MiB | 3.54 MiB/s, done.
Resolving deltas: 100% (186/186), done.
jsbien@VivoPC-D8:~/GitHub$ cd Parkosz4IIIF/
jsbien@VivoPC-D8:~/GitHub/Parkosz4IIIF$ npm install
npm WARN npm npm does not support Node.js v10.15.2
npm WARN npm You should probably upgrade to a newer version of node as we
npm WARN npm can't make any promises that npm will work with this version.
npm WARN npm Supported releases of Node.js are the latest release of 4, 6, 7, 8, 9.
npm WARN npm You can find the latest version at https://nodejs.org/
npm WARN deprecated core-js@2.4.1: core-js@<2.6.5 is no longer maintained. Please, upgrade to core-js@3 or at least to actual version of core-js@2.

> universalviewer@3.0.33 postinstall /home/jsbien/GitHub/Parkosz4IIIF/node_modules/universalviewer
> opencollective postinstall

                                           .,;riS522225isr:,.           
                                        .;sS2XXXXXXXXXXXXX22Sr;.        
                                      :s2XXXXXXXXXXXXXXXXXXXXXi,        
                                    :i2XXXXXXX2Sirrrrrri52X2s:          
                                  .r2XXXXXX2s;,.        .,;:      .:,   
                                 .sXXXXXX2r,                    .:;;;:  
                                 rXXXXXXS:                     ,;;;;;;, 
                                :2XXXXX5,                      .;;;;;;;.
                                iXXXXXX;                        ,;;;;;;:
                                2XXXXX2,                        .;;;;;;;
                                2XXXXX2,                        .;;;;;;;
                                iXXXXXX;                        ,;;;;;;:
                                :2XXXXX5,                      .;;;;;;;.
                                 rXXXXXX5:                     ,;;;;;;, 
                                 .sXXXXXX2r,                    .:;;;,  
                                   r2XXXXXX2s;,.        .,;:      .:,   
                                    ,s2XXXXXXX2Ssrr;;rriS2X2s:          
                                      :s2XXXXXXXXXXXXXXXXXXXXXi,        
                                        .;sS2XXXXXXXXXXXXXX2Ss;.        
                                           .,;riS222222Sir;,.           
                                                    

                                 Thanks for installing universalviewer 
                             Please consider donating to our open collective
                                    to help us maintain this package.

                                       Number of contributors: 21
                                          Number of backers: 7
                                         Annual budget: $22,525
                                         Current balance: $7,667

                        Donate: https://opencollective.com/universalviewer/donate


> uv-app-starter@0.0.1 postinstall /home/jsbien/GitHub/Parkosz4IIIF
> npm run sync

npm WARN npm npm does not support Node.js v10.15.2
npm WARN npm You should probably upgrade to a newer version of node as we
npm WARN npm can't make any promises that npm will work with this version.
npm WARN npm Supported releases of Node.js are the latest release of 4, 6, 7, 8, 9.
npm WARN npm You can find the latest version at https://nodejs.org/

> uv-app-starter@0.0.1 sync /home/jsbien/GitHub/Parkosz4IIIF
> rm -rf uv && cp -R node_modules/universalviewer/dist uv

npm notice created a lockfile as package-lock.json. You should commit this file.
npm WARN worker-loader@1.1.1 requires a peer of webpack@^2.0.0 || ^3.0.0 || ^4.0.0 but none is installed. You must install peer dependencies yourself.

added 270 packages from 274 contributors in 14.514s
jsbien@VivoPC-D8:~/GitHub/Parkosz4IIIF$ gi add package-lock.json 
bash: gi: command not found
jsbien@VivoPC-D8:~/GitHub/Parkosz4IIIF$ git add package-lock.json 
jsbien@VivoPC-D8:~/GitHub/Parkosz4IIIF$ git commit -m "You should commit this file."
[gh-pages 60ed4d4] You should commit this file.
 1 file changed, 2068 insertions(+)
 create mode 100644 package-lock.json
jsbien@VivoPC-D8:~/GitHub/Parkosz4IIIF$ npm start
npm WARN npm npm does not support Node.js v10.15.2
npm WARN npm You should probably upgrade to a newer version of node as we
npm WARN npm can't make any promises that npm will work with this version.
npm WARN npm Supported releases of Node.js are the latest release of 4, 6, 7, 8, 9.
npm WARN npm You can find the latest version at https://nodejs.org/

> uv-app-starter@0.0.1 start /home/jsbien/GitHub/Parkosz4IIIF
> npm run build && http-server --cors -c-1 -p 8888

npm WARN npm npm does not support Node.js v10.15.2
npm WARN npm You should probably upgrade to a newer version of node as we
npm WARN npm can't make any promises that npm will work with this version.
npm WARN npm Supported releases of Node.js are the latest release of 4, 6, 7, 8, 9.
npm WARN npm You can find the latest version at https://nodejs.org/

> uv-app-starter@0.0.1 build /home/jsbien/GitHub/Parkosz4IIIF
> biiif collection -u http://localhost:8888/collection -g

started biiifing collection
creating directory for: collection/ParkoszJBC
creating canvas for: collection/ParkoszJBC/_01
creating canvas for: collection/ParkoszJBC/_02
creating canvas for: collection/ParkoszJBC/_03
creating canvas for: collection/ParkoszJBC/_04
creating canvas for: collection/ParkoszJBC/_05
creating canvas for: collection/ParkoszJBC/_06
creating canvas for: collection/ParkoszJBC/_07
creating canvas for: collection/ParkoszJBC/_08
creating canvas for: collection/ParkoszJBC/_09
creating canvas for: collection/ParkoszJBC/_10
creating canvas for: collection/ParkoszJBC/_11
creating canvas for: collection/ParkoszJBC/_12
creating canvas for: collection/ParkoszJBC/_13
creating canvas for: collection/ParkoszJBC/_14
got metadata for: collection/ParkoszJBC
got metadata for: collection/ParkoszJBC/_01
found thumbnail for: collection/ParkoszJBC/_01
got metadata for: collection/ParkoszJBC/_02
found thumbnail for: collection/ParkoszJBC/_02
got metadata for: collection/ParkoszJBC/_03
found thumbnail for: collection/ParkoszJBC/_03
got metadata for: collection/ParkoszJBC/_04
found thumbnail for: collection/ParkoszJBC/_04
got metadata for: collection/ParkoszJBC/_05
found thumbnail for: collection/ParkoszJBC/_05
got metadata for: collection/ParkoszJBC/_06
found thumbnail for: collection/ParkoszJBC/_06
got metadata for: collection/ParkoszJBC/_07
found thumbnail for: collection/ParkoszJBC/_07
got metadata for: collection/ParkoszJBC/_08
found thumbnail for: collection/ParkoszJBC/_08
got metadata for: collection/ParkoszJBC/_09
found thumbnail for: collection/ParkoszJBC/_09
got metadata for: collection/ParkoszJBC/_10
found thumbnail for: collection/ParkoszJBC/_10
got metadata for: collection/ParkoszJBC/_11
found thumbnail for: collection/ParkoszJBC/_11
got metadata for: collection/ParkoszJBC/_12
found thumbnail for: collection/ParkoszJBC/_12
got metadata for: collection/ParkoszJBC/_13
found thumbnail for: collection/ParkoszJBC/_13
got metadata for: collection/ParkoszJBC/_14
found thumbnail for: collection/ParkoszJBC/_14
found thumbnail for: collection/ParkoszJBC
created index.json for: collection/ParkoszJBC
created manifest: collection/ParkoszJBC
creating directory for: collection/ParkoszMF
creating canvas for: collection/ParkoszMF/_01
creating canvas for: collection/ParkoszMF/_02
creating canvas for: collection/ParkoszMF/_03
creating canvas for: collection/ParkoszMF/_04
creating canvas for: collection/ParkoszMF/_05
creating canvas for: collection/ParkoszMF/_06
creating canvas for: collection/ParkoszMF/_07
creating canvas for: collection/ParkoszMF/_08
creating canvas for: collection/ParkoszMF/_09
creating canvas for: collection/ParkoszMF/_10
creating canvas for: collection/ParkoszMF/_11
creating canvas for: collection/ParkoszMF/_12
creating canvas for: collection/ParkoszMF/_13
creating canvas for: collection/ParkoszMF/_14
got metadata for: collection/ParkoszMF
got metadata for: collection/ParkoszMF/_01
found thumbnail for: collection/ParkoszMF/_01
got metadata for: collection/ParkoszMF/_02
found thumbnail for: collection/ParkoszMF/_02
got metadata for: collection/ParkoszMF/_03
found thumbnail for: collection/ParkoszMF/_03
got metadata for: collection/ParkoszMF/_04
found thumbnail for: collection/ParkoszMF/_04
got metadata for: collection/ParkoszMF/_05
found thumbnail for: collection/ParkoszMF/_05
got metadata for: collection/ParkoszMF/_06
found thumbnail for: collection/ParkoszMF/_06
got metadata for: collection/ParkoszMF/_07
found thumbnail for: collection/ParkoszMF/_07
got metadata for: collection/ParkoszMF/_08
found thumbnail for: collection/ParkoszMF/_08
got metadata for: collection/ParkoszMF/_09
found thumbnail for: collection/ParkoszMF/_09
got metadata for: collection/ParkoszMF/_10
found thumbnail for: collection/ParkoszMF/_10
got metadata for: collection/ParkoszMF/_11
found thumbnail for: collection/ParkoszMF/_11
got metadata for: collection/ParkoszMF/_12
found thumbnail for: collection/ParkoszMF/_12
got metadata for: collection/ParkoszMF/_13
found thumbnail for: collection/ParkoszMF/_13
got metadata for: collection/ParkoszMF/_14
found thumbnail for: collection/ParkoszMF/_14
found thumbnail for: collection/ParkoszMF
created index.json for: collection/ParkoszMF
created manifest: collection/ParkoszMF
creating directory for: collection/ParkoszPWN
creating canvas for: collection/ParkoszPWN/_01
creating canvas for: collection/ParkoszPWN/_02
creating canvas for: collection/ParkoszPWN/_03
creating canvas for: collection/ParkoszPWN/_04
creating canvas for: collection/ParkoszPWN/_05
creating canvas for: collection/ParkoszPWN/_06
creating canvas for: collection/ParkoszPWN/_07
creating canvas for: collection/ParkoszPWN/_08
creating canvas for: collection/ParkoszPWN/_09
creating canvas for: collection/ParkoszPWN/_10
creating canvas for: collection/ParkoszPWN/_11
creating canvas for: collection/ParkoszPWN/_12
creating canvas for: collection/ParkoszPWN/_13
creating canvas for: collection/ParkoszPWN/_14
got metadata for: collection/ParkoszPWN
got metadata for: collection/ParkoszPWN/_01
found thumbnail for: collection/ParkoszPWN/_01
got metadata for: collection/ParkoszPWN/_02
found thumbnail for: collection/ParkoszPWN/_02
got metadata for: collection/ParkoszPWN/_03
found thumbnail for: collection/ParkoszPWN/_03
got metadata for: collection/ParkoszPWN/_04
found thumbnail for: collection/ParkoszPWN/_04
got metadata for: collection/ParkoszPWN/_05
found thumbnail for: collection/ParkoszPWN/_05
got metadata for: collection/ParkoszPWN/_06
found thumbnail for: collection/ParkoszPWN/_06
got metadata for: collection/ParkoszPWN/_07
found thumbnail for: collection/ParkoszPWN/_07
got metadata for: collection/ParkoszPWN/_08
found thumbnail for: collection/ParkoszPWN/_08
got metadata for: collection/ParkoszPWN/_09
found thumbnail for: collection/ParkoszPWN/_09
got metadata for: collection/ParkoszPWN/_10
found thumbnail for: collection/ParkoszPWN/_10
got metadata for: collection/ParkoszPWN/_11
found thumbnail for: collection/ParkoszPWN/_11
got metadata for: collection/ParkoszPWN/_12
found thumbnail for: collection/ParkoszPWN/_12
got metadata for: collection/ParkoszPWN/_13
found thumbnail for: collection/ParkoszPWN/_13
got metadata for: collection/ParkoszPWN/_14
found thumbnail for: collection/ParkoszPWN/_14
found thumbnail for: collection/ParkoszPWN
created index.json for: collection/ParkoszPWN
created manifest: collection/ParkoszPWN
no metadata found for: collection
found thumbnail for: collection/ParkoszJBC
found thumbnail for: collection/ParkoszMF
found thumbnail for: collection/ParkoszPWN
no manifests.yml found for: collection
created index.json for: collection
created collection: collection
finished biiifing collection
Starting up http-server, serving ./
Available on:
  http://127.0.0.1:8888
  http://192.168.0.181:8888
Hit CTRL-C to stop the server
[Sat May 04 2019 13:05:07 GMT+0200 (Central European Summer Time)] "GET /" "Mozilla/5.0 (X11; Linux x86_64) AppleWebKit/537.36 (KHTML, like Gecko) Chrome/70.0.3538.77 Safari/537.36"
[Sat May 04 2019 13:05:07 GMT+0200 (Central European Summer Time)] "GET /uv/uv.css" "Mozilla/5.0 (X11; Linux x86_64) AppleWebKit/537.36 (KHTML, like Gecko) Chrome/70.0.3538.77 Safari/537.36"
[Sat May 04 2019 13:05:07 GMT+0200 (Central European Summer Time)] "GET /styles.css" "Mozilla/5.0 (X11; Linux x86_64) AppleWebKit/537.36 (KHTML, like Gecko) Chrome/70.0.3538.77 Safari/537.36"
[Sat May 04 2019 13:05:07 GMT+0200 (Central European Summer Time)] "GET /uv/lib/offline.js" "Mozilla/5.0 (X11; Linux x86_64) AppleWebKit/537.36 (KHTML, like Gecko) Chrome/70.0.3538.77 Safari/537.36"
[Sat May 04 2019 13:05:07 GMT+0200 (Central European Summer Time)] "GET /uv/helpers.js" "Mozilla/5.0 (X11; Linux x86_64) AppleWebKit/537.36 (KHTML, like Gecko) Chrome/70.0.3538.77 Safari/537.36"
[Sat May 04 2019 13:05:07 GMT+0200 (Central European Summer Time)] "GET /uv/uv.js" "Mozilla/5.0 (X11; Linux x86_64) AppleWebKit/537.36 (KHTML, like Gecko) Chrome/70.0.3538.77 Safari/537.36"
[Sat May 04 2019 13:05:07 GMT+0200 (Central European Summer Time)] "GET /collection/ParkoszPWN/index.json" "Mozilla/5.0 (X11; Linux x86_64) AppleWebKit/537.36 (KHTML, like Gecko) Chrome/70.0.3538.77 Safari/537.36"
[Sat May 04 2019 13:05:07 GMT+0200 (Central European Summer Time)] "GET /uv-config.json" "Mozilla/5.0 (X11; Linux x86_64) AppleWebKit/537.36 (KHTML, like Gecko) Chrome/70.0.3538.77 Safari/537.36"
[Sat May 04 2019 13:05:07 GMT+0200 (Central European Summer Time)] "GET /uv/lib/uv-seadragon-extension.en-GB.config.json" "Mozilla/5.0 (X11; Linux x86_64) AppleWebKit/537.36 (KHTML, like Gecko) Chrome/70.0.3538.77 Safari/537.36"
[Sat May 04 2019 13:05:07 GMT+0200 (Central European Summer Time)] "GET /uv/themes/uv-en-gb-theme/css/uv-seadragon-extension/theme.css" "Mozilla/5.0 (X11; Linux x86_64) AppleWebKit/537.36 (KHTML, like Gecko) Chrome/70.0.3538.77 Safari/537.36"
[Sat May 04 2019 13:05:08 GMT+0200 (Central European Summer Time)] "GET /uv/lib/uv-seadragon-extension-dependencies.js" "Mozilla/5.0 (X11; Linux x86_64) AppleWebKit/537.36 (KHTML, like Gecko) Chrome/70.0.3538.77 Safari/537.36"
[Sat May 04 2019 13:05:08 GMT+0200 (Central European Summer Time)] "GET /uv/lib/TreeComponent.js" "Mozilla/5.0 (X11; Linux x86_64) AppleWebKit/537.36 (KHTML, like Gecko) Chrome/70.0.3538.77 Safari/537.36"
[Sat May 04 2019 13:05:08 GMT+0200 (Central European Summer Time)] "GET /uv/lib/GalleryComponent.js" "Mozilla/5.0 (X11; Linux x86_64) AppleWebKit/537.36 (KHTML, like Gecko) Chrome/70.0.3538.77 Safari/537.36"
[Sat May 04 2019 13:05:08 GMT+0200 (Central European Summer Time)] "GET /uv/lib/MetadataComponent.js" "Mozilla/5.0 (X11; Linux x86_64) AppleWebKit/537.36 (KHTML, like Gecko) Chrome/70.0.3538.77 Safari/537.36"
[Sat May 04 2019 13:05:08 GMT+0200 (Central European Summer Time)] "GET /uv/lib/openseadragon.min.js" "Mozilla/5.0 (X11; Linux x86_64) AppleWebKit/537.36 (KHTML, like Gecko) Chrome/70.0.3538.77 Safari/537.36"
[Sat May 04 2019 13:05:08 GMT+0200 (Central European Summer Time)] "GET /uv/img/pixel.gif" "Mozilla/5.0 (X11; Linux x86_64) AppleWebKit/537.36 (KHTML, like Gecko) Chrome/70.0.3538.77 Safari/537.36"
[Sat May 04 2019 13:05:08 GMT+0200 (Central European Summer Time)] "GET /collection/ParkoszPWN/_01/Image_0001.jpg" "Mozilla/5.0 (X11; Linux x86_64) AppleWebKit/537.36 (KHTML, like Gecko) Chrome/70.0.3538.77 Safari/537.36"
[Sat May 04 2019 13:05:08 GMT+0200 (Central European Summer Time)] "GET /collection/ParkoszPWN/_01/thumb.jpeg?t=1556967908489" "Mozilla/5.0 (X11; Linux x86_64) AppleWebKit/537.36 (KHTML, like Gecko) Chrome/70.0.3538.77 Safari/537.36"
[Sat May 04 2019 13:05:08 GMT+0200 (Central European Summer Time)] "GET /collection/ParkoszPWN/_02/thumb.jpeg?t=1556967908490" "Mozilla/5.0 (X11; Linux x86_64) AppleWebKit/537.36 (KHTML, like Gecko) Chrome/70.0.3538.77 Safari/537.36"
[Sat May 04 2019 13:05:08 GMT+0200 (Central European Summer Time)] "GET /collection/ParkoszPWN/_03/thumb.jpeg?t=1556967908490" "Mozilla/5.0 (X11; Linux x86_64) AppleWebKit/537.36 (KHTML, like Gecko) Chrome/70.0.3538.77 Safari/537.36"
[Sat May 04 2019 13:05:08 GMT+0200 (Central European Summer Time)] "GET /collection/ParkoszPWN/_04/thumb.jpeg?t=1556967908491" "Mozilla/5.0 (X11; Linux x86_64) AppleWebKit/537.36 (KHTML, like Gecko) Chrome/70.0.3538.77 Safari/537.36"
[Sat May 04 2019 13:05:08 GMT+0200 (Central European Summer Time)] "GET /collection/ParkoszPWN/_05/thumb.jpeg?t=1556967908491" "Mozilla/5.0 (X11; Linux x86_64) AppleWebKit/537.36 (KHTML, like Gecko) Chrome/70.0.3538.77 Safari/537.36"
[Sat May 04 2019 13:05:08 GMT+0200 (Central European Summer Time)] "GET /collection/ParkoszPWN/_06/thumb.jpeg?t=1556967908491" "Mozilla/5.0 (X11; Linux x86_64) AppleWebKit/537.36 (KHTML, like Gecko) Chrome/70.0.3538.77 Safari/537.36"
[Sat May 04 2019 13:05:08 GMT+0200 (Central European Summer Time)] "GET /collection/ParkoszPWN/_07/thumb.jpeg?t=1556967908492" "Mozilla/5.0 (X11; Linux x86_64) AppleWebKit/537.36 (KHTML, like Gecko) Chrome/70.0.3538.77 Safari/537.36"
[Sat May 04 2019 13:05:08 GMT+0200 (Central European Summer Time)] "GET /collection/ParkoszPWN/_08/thumb.jpeg?t=1556967908492" "Mozilla/5.0 (X11; Linux x86_64) AppleWebKit/537.36 (KHTML, like Gecko) Chrome/70.0.3538.77 Safari/537.36"
[Sat May 04 2019 13:05:08 GMT+0200 (Central European Summer Time)] "GET /collection/ParkoszPWN/_09/thumb.jpeg?t=1556967908493" "Mozilla/5.0 (X11; Linux x86_64) AppleWebKit/537.36 (KHTML, like Gecko) Chrome/70.0.3538.77 Safari/537.36"
[Sat May 04 2019 13:05:08 GMT+0200 (Central European Summer Time)] "GET /collection/ParkoszPWN/_10/thumb.jpeg?t=1556967908493" "Mozilla/5.0 (X11; Linux x86_64) AppleWebKit/537.36 (KHTML, like Gecko) Chrome/70.0.3538.77 Safari/537.36"
[Sat May 04 2019 13:05:08 GMT+0200 (Central European Summer Time)] "GET /collection/ParkoszPWN/_11/thumb.jpeg?t=1556967908493" "Mozilla/5.0 (X11; Linux x86_64) AppleWebKit/537.36 (KHTML, like Gecko) Chrome/70.0.3538.77 Safari/537.36"
[Sat May 04 2019 13:05:08 GMT+0200 (Central European Summer Time)] "GET /collection/ParkoszPWN/_12/thumb.jpeg?t=1556967908494" "Mozilla/5.0 (X11; Linux x86_64) AppleWebKit/537.36 (KHTML, like Gecko) Chrome/70.0.3538.77 Safari/537.36"
[Sat May 04 2019 13:05:08 GMT+0200 (Central European Summer Time)] "GET /collection/ParkoszPWN/_13/thumb.jpeg?t=1556967908495" "Mozilla/5.0 (X11; Linux x86_64) AppleWebKit/537.36 (KHTML, like Gecko) Chrome/70.0.3538.77 Safari/537.36"
[Sat May 04 2019 13:05:08 GMT+0200 (Central European Summer Time)] "GET /collection/ParkoszPWN/_14/thumb.jpeg?t=1556967908495" "Mozilla/5.0 (X11; Linux x86_64) AppleWebKit/537.36 (KHTML, like Gecko) Chrome/70.0.3538.77 Safari/537.36"
[Sat May 04 2019 13:05:15 GMT+0200 (Central European Summer Time)] "GET /" "Mozilla/5.0 (X11; Linux x86_64) AppleWebKit/537.36 (KHTML, like Gecko) Chrome/70.0.3538.77 Safari/537.36"
[Sat May 04 2019 13:05:15 GMT+0200 (Central European Summer Time)] "GET /uv/uv.css" "Mozilla/5.0 (X11; Linux x86_64) AppleWebKit/537.36 (KHTML, like Gecko) Chrome/70.0.3538.77 Safari/537.36"
[Sat May 04 2019 13:05:15 GMT+0200 (Central European Summer Time)] "GET /styles.css" "Mozilla/5.0 (X11; Linux x86_64) AppleWebKit/537.36 (KHTML, like Gecko) Chrome/70.0.3538.77 Safari/537.36"
[Sat May 04 2019 13:05:15 GMT+0200 (Central European Summer Time)] "GET /uv/lib/offline.js" "Mozilla/5.0 (X11; Linux x86_64) AppleWebKit/537.36 (KHTML, like Gecko) Chrome/70.0.3538.77 Safari/537.36"
[Sat May 04 2019 13:05:15 GMT+0200 (Central European Summer Time)] "GET /uv/helpers.js" "Mozilla/5.0 (X11; Linux x86_64) AppleWebKit/537.36 (KHTML, like Gecko) Chrome/70.0.3538.77 Safari/537.36"
[Sat May 04 2019 13:05:15 GMT+0200 (Central European Summer Time)] "GET /uv/uv.js" "Mozilla/5.0 (X11; Linux x86_64) AppleWebKit/537.36 (KHTML, like Gecko) Chrome/70.0.3538.77 Safari/537.36"
[Sat May 04 2019 13:05:15 GMT+0200 (Central European Summer Time)] "GET /collection/index.json" "Mozilla/5.0 (X11; Linux x86_64) AppleWebKit/537.36 (KHTML, like Gecko) Chrome/70.0.3538.77 Safari/537.36"
[Sat May 04 2019 13:05:15 GMT+0200 (Central European Summer Time)] "GET /collection/ParkoszPWN/thumb.jpg" "Mozilla/5.0 (X11; Linux x86_64) AppleWebKit/537.36 (KHTML, like Gecko) Chrome/70.0.3538.77 Safari/537.36"
[Sat May 04 2019 13:05:15 GMT+0200 (Central European Summer Time)] "GET /collection/ParkoszMF/thumb.jpg" "Mozilla/5.0 (X11; Linux x86_64) AppleWebKit/537.36 (KHTML, like Gecko) Chrome/70.0.3538.77 Safari/537.36"
[Sat May 04 2019 13:05:15 GMT+0200 (Central European Summer Time)] "GET /collection/ParkoszJBC/thumb.jpg" "Mozilla/5.0 (X11; Linux x86_64) AppleWebKit/537.36 (KHTML, like Gecko) Chrome/70.0.3538.77 Safari/537.36"
  C-c C-chttp-server stopped.
jsbien@VivoPC-D8:~/GitHub/Parkosz4IIIF$ npm start
npm WARN npm npm does not support Node.js v10.15.2
npm WARN npm You should probably upgrade to a newer version of node as we
npm WARN npm can't make any promises that npm will work with this version.
npm WARN npm Supported releases of Node.js are the latest release of 4, 6, 7, 8, 9.
npm WARN npm You can find the latest version at https://nodejs.org/

> uv-app-starter@0.0.1 start /home/jsbien/GitHub/Parkosz4IIIF
> npm run build && http-server --cors -c-1 -p 8888

npm WARN npm npm does not support Node.js v10.15.2
npm WARN npm You should probably upgrade to a newer version of node as we
npm WARN npm can't make any promises that npm will work with this version.
npm WARN npm Supported releases of Node.js are the latest release of 4, 6, 7, 8, 9.
npm WARN npm You can find the latest version at https://nodejs.org/

> uv-app-starter@0.0.1 build /home/jsbien/GitHub/Parkosz4IIIF
> biiif collection -u http://localhost:8888/collection -g

started biiifing collection
creating directory for: collection/ParkoszJBC
creating canvas for: collection/ParkoszJBC/_01
creating canvas for: collection/ParkoszJBC/_02
creating canvas for: collection/ParkoszJBC/_03
creating canvas for: collection/ParkoszJBC/_04
creating canvas for: collection/ParkoszJBC/_05
creating canvas for: collection/ParkoszJBC/_06
creating canvas for: collection/ParkoszJBC/_07
creating canvas for: collection/ParkoszJBC/_08
creating canvas for: collection/ParkoszJBC/_09
creating canvas for: collection/ParkoszJBC/_10
creating canvas for: collection/ParkoszJBC/_11
creating canvas for: collection/ParkoszJBC/_12
creating canvas for: collection/ParkoszJBC/_13
creating canvas for: collection/ParkoszJBC/_14
got metadata for: collection/ParkoszJBC
got metadata for: collection/ParkoszJBC/_01
found thumbnail for: collection/ParkoszJBC/_01
got metadata for: collection/ParkoszJBC/_02
found thumbnail for: collection/ParkoszJBC/_02
got metadata for: collection/ParkoszJBC/_03
found thumbnail for: collection/ParkoszJBC/_03
got metadata for: collection/ParkoszJBC/_04
found thumbnail for: collection/ParkoszJBC/_04
got metadata for: collection/ParkoszJBC/_05
found thumbnail for: collection/ParkoszJBC/_05
got metadata for: collection/ParkoszJBC/_06
found thumbnail for: collection/ParkoszJBC/_06
got metadata for: collection/ParkoszJBC/_07
found thumbnail for: collection/ParkoszJBC/_07
got metadata for: collection/ParkoszJBC/_08
found thumbnail for: collection/ParkoszJBC/_08
got metadata for: collection/ParkoszJBC/_09
found thumbnail for: collection/ParkoszJBC/_09
got metadata for: collection/ParkoszJBC/_10
found thumbnail for: collection/ParkoszJBC/_10
got metadata for: collection/ParkoszJBC/_11
found thumbnail for: collection/ParkoszJBC/_11
got metadata for: collection/ParkoszJBC/_12
found thumbnail for: collection/ParkoszJBC/_12
got metadata for: collection/ParkoszJBC/_13
found thumbnail for: collection/ParkoszJBC/_13
got metadata for: collection/ParkoszJBC/_14
found thumbnail for: collection/ParkoszJBC/_14
found thumbnail for: collection/ParkoszJBC
created index.json for: collection/ParkoszJBC
created manifest: collection/ParkoszJBC
creating directory for: collection/ParkoszMF
creating canvas for: collection/ParkoszMF/_01
creating canvas for: collection/ParkoszMF/_02
creating canvas for: collection/ParkoszMF/_03
creating canvas for: collection/ParkoszMF/_04
creating canvas for: collection/ParkoszMF/_05
creating canvas for: collection/ParkoszMF/_06
creating canvas for: collection/ParkoszMF/_07
creating canvas for: collection/ParkoszMF/_08
creating canvas for: collection/ParkoszMF/_09
creating canvas for: collection/ParkoszMF/_10
creating canvas for: collection/ParkoszMF/_11
creating canvas for: collection/ParkoszMF/_12
creating canvas for: collection/ParkoszMF/_13
creating canvas for: collection/ParkoszMF/_14
got metadata for: collection/ParkoszMF
got metadata for: collection/ParkoszMF/_01
found thumbnail for: collection/ParkoszMF/_01
got metadata for: collection/ParkoszMF/_02
found thumbnail for: collection/ParkoszMF/_02
got metadata for: collection/ParkoszMF/_03
found thumbnail for: collection/ParkoszMF/_03
got metadata for: collection/ParkoszMF/_04
found thumbnail for: collection/ParkoszMF/_04
got metadata for: collection/ParkoszMF/_05
found thumbnail for: collection/ParkoszMF/_05
got metadata for: collection/ParkoszMF/_06
found thumbnail for: collection/ParkoszMF/_06
got metadata for: collection/ParkoszMF/_07
found thumbnail for: collection/ParkoszMF/_07
got metadata for: collection/ParkoszMF/_08
found thumbnail for: collection/ParkoszMF/_08
got metadata for: collection/ParkoszMF/_09
found thumbnail for: collection/ParkoszMF/_09
got metadata for: collection/ParkoszMF/_10
found thumbnail for: collection/ParkoszMF/_10
got metadata for: collection/ParkoszMF/_11
found thumbnail for: collection/ParkoszMF/_11
got metadata for: collection/ParkoszMF/_12
found thumbnail for: collection/ParkoszMF/_12
got metadata for: collection/ParkoszMF/_13
found thumbnail for: collection/ParkoszMF/_13
got metadata for: collection/ParkoszMF/_14
found thumbnail for: collection/ParkoszMF/_14
found thumbnail for: collection/ParkoszMF
created index.json for: collection/ParkoszMF
created manifest: collection/ParkoszMF
creating directory for: collection/ParkoszPWN
creating canvas for: collection/ParkoszPWN/_01
creating canvas for: collection/ParkoszPWN/_02
creating canvas for: collection/ParkoszPWN/_03
creating canvas for: collection/ParkoszPWN/_04
creating canvas for: collection/ParkoszPWN/_05
creating canvas for: collection/ParkoszPWN/_06
creating canvas for: collection/ParkoszPWN/_07
creating canvas for: collection/ParkoszPWN/_08
creating canvas for: collection/ParkoszPWN/_09
creating canvas for: collection/ParkoszPWN/_10
creating canvas for: collection/ParkoszPWN/_11
creating canvas for: collection/ParkoszPWN/_12
creating canvas for: collection/ParkoszPWN/_13
creating canvas for: collection/ParkoszPWN/_14
got metadata for: collection/ParkoszPWN
got metadata for: collection/ParkoszPWN/_01
found thumbnail for: collection/ParkoszPWN/_01
got metadata for: collection/ParkoszPWN/_02
found thumbnail for: collection/ParkoszPWN/_02
got metadata for: collection/ParkoszPWN/_03
found thumbnail for: collection/ParkoszPWN/_03
got metadata for: collection/ParkoszPWN/_04
found thumbnail for: collection/ParkoszPWN/_04
got metadata for: collection/ParkoszPWN/_05
found thumbnail for: collection/ParkoszPWN/_05
got metadata for: collection/ParkoszPWN/_06
found thumbnail for: collection/ParkoszPWN/_06
got metadata for: collection/ParkoszPWN/_07
found thumbnail for: collection/ParkoszPWN/_07
got metadata for: collection/ParkoszPWN/_08
found thumbnail for: collection/ParkoszPWN/_08
got metadata for: collection/ParkoszPWN/_09
found thumbnail for: collection/ParkoszPWN/_09
got metadata for: collection/ParkoszPWN/_10
found thumbnail for: collection/ParkoszPWN/_10
got metadata for: collection/ParkoszPWN/_11
found thumbnail for: collection/ParkoszPWN/_11
got metadata for: collection/ParkoszPWN/_12
found thumbnail for: collection/ParkoszPWN/_12
got metadata for: collection/ParkoszPWN/_13
found thumbnail for: collection/ParkoszPWN/_13
got metadata for: collection/ParkoszPWN/_14
found thumbnail for: collection/ParkoszPWN/_14
found thumbnail for: collection/ParkoszPWN
created index.json for: collection/ParkoszPWN
created manifest: collection/ParkoszPWN
no metadata found for: collection
found thumbnail for: collection/ParkoszJBC
found thumbnail for: collection/ParkoszMF
found thumbnail for: collection/ParkoszPWN
no manifests.yml found for: collection
created index.json for: collection
created collection: collection
finished biiifing collection
Starting up http-server, serving ./
Available on:
  http://127.0.0.1:8888
  http://192.168.0.181:8888
Hit CTRL-C to stop the server
[Sat May 04 2019 13:07:24 GMT+0200 (Central European Summer Time)] "GET /" "Mozilla/5.0 (X11; Linux x86_64) AppleWebKit/537.36 (KHTML, like Gecko) Chrome/70.0.3538.77 Safari/537.36"
[Sat May 04 2019 13:07:24 GMT+0200 (Central European Summer Time)] "GET /uv/uv.css" "Mozilla/5.0 (X11; Linux x86_64) AppleWebKit/537.36 (KHTML, like Gecko) Chrome/70.0.3538.77 Safari/537.36"
[Sat May 04 2019 13:07:24 GMT+0200 (Central European Summer Time)] "GET /styles.css" "Mozilla/5.0 (X11; Linux x86_64) AppleWebKit/537.36 (KHTML, like Gecko) Chrome/70.0.3538.77 Safari/537.36"
[Sat May 04 2019 13:07:24 GMT+0200 (Central European Summer Time)] "GET /uv/lib/offline.js" "Mozilla/5.0 (X11; Linux x86_64) AppleWebKit/537.36 (KHTML, like Gecko) Chrome/70.0.3538.77 Safari/537.36"
[Sat May 04 2019 13:07:24 GMT+0200 (Central European Summer Time)] "GET /uv/helpers.js" "Mozilla/5.0 (X11; Linux x86_64) AppleWebKit/537.36 (KHTML, like Gecko) Chrome/70.0.3538.77 Safari/537.36"
[Sat May 04 2019 13:07:24 GMT+0200 (Central European Summer Time)] "GET /uv/uv.js" "Mozilla/5.0 (X11; Linux x86_64) AppleWebKit/537.36 (KHTML, like Gecko) Chrome/70.0.3538.77 Safari/537.36"
[Sat May 04 2019 13:07:25 GMT+0200 (Central European Summer Time)] "GET /collection/index.json" "Mozilla/5.0 (X11; Linux x86_64) AppleWebKit/537.36 (KHTML, like Gecko) Chrome/70.0.3538.77 Safari/537.36"
[Sat May 04 2019 13:07:25 GMT+0200 (Central European Summer Time)] "GET /collection/ParkoszPWN/thumb.jpg" "Mozilla/5.0 (X11; Linux x86_64) AppleWebKit/537.36 (KHTML, like Gecko) Chrome/70.0.3538.77 Safari/537.36"
[Sat May 04 2019 13:07:25 GMT+0200 (Central European Summer Time)] "GET /collection/ParkoszMF/thumb.jpg" "Mozilla/5.0 (X11; Linux x86_64) AppleWebKit/537.36 (KHTML, like Gecko) Chrome/70.0.3538.77 Safari/537.36"
[Sat May 04 2019 13:07:25 GMT+0200 (Central European Summer Time)] "GET /collection/ParkoszJBC/thumb.jpg" "Mozilla/5.0 (X11; Linux x86_64) AppleWebKit/537.36 (KHTML, like Gecko) Chrome/70.0.3538.77 Safari/537.36"
[Sat May 04 2019 13:07:27 GMT+0200 (Central European Summer Time)] "GET /collection/ParkoszPWN/index.json" "Mozilla/5.0 (X11; Linux x86_64) AppleWebKit/537.36 (KHTML, like Gecko) Chrome/70.0.3538.77 Safari/537.36"
[Sat May 04 2019 13:07:27 GMT+0200 (Central European Summer Time)] "GET /uv-config.json" "Mozilla/5.0 (X11; Linux x86_64) AppleWebKit/537.36 (KHTML, like Gecko) Chrome/70.0.3538.77 Safari/537.36"
[Sat May 04 2019 13:07:27 GMT+0200 (Central European Summer Time)] "GET /uv/lib/uv-seadragon-extension.en-GB.config.json" "Mozilla/5.0 (X11; Linux x86_64) AppleWebKit/537.36 (KHTML, like Gecko) Chrome/70.0.3538.77 Safari/537.36"
[Sat May 04 2019 13:07:27 GMT+0200 (Central European Summer Time)] "GET /uv/themes/uv-en-gb-theme/css/uv-seadragon-extension/theme.css" "Mozilla/5.0 (X11; Linux x86_64) AppleWebKit/537.36 (KHTML, like Gecko) Chrome/70.0.3538.77 Safari/537.36"
[Sat May 04 2019 13:07:27 GMT+0200 (Central European Summer Time)] "GET /uv/lib/uv-seadragon-extension-dependencies.js" "Mozilla/5.0 (X11; Linux x86_64) AppleWebKit/537.36 (KHTML, like Gecko) Chrome/70.0.3538.77 Safari/537.36"
[Sat May 04 2019 13:07:27 GMT+0200 (Central European Summer Time)] "GET /uv/lib/TreeComponent.js" "Mozilla/5.0 (X11; Linux x86_64) AppleWebKit/537.36 (KHTML, like Gecko) Chrome/70.0.3538.77 Safari/537.36"
[Sat May 04 2019 13:07:27 GMT+0200 (Central European Summer Time)] "GET /uv/lib/GalleryComponent.js" "Mozilla/5.0 (X11; Linux x86_64) AppleWebKit/537.36 (KHTML, like Gecko) Chrome/70.0.3538.77 Safari/537.36"
[Sat May 04 2019 13:07:27 GMT+0200 (Central European Summer Time)] "GET /uv/lib/MetadataComponent.js" "Mozilla/5.0 (X11; Linux x86_64) AppleWebKit/537.36 (KHTML, like Gecko) Chrome/70.0.3538.77 Safari/537.36"
[Sat May 04 2019 13:07:27 GMT+0200 (Central European Summer Time)] "GET /uv/lib/openseadragon.min.js" "Mozilla/5.0 (X11; Linux x86_64) AppleWebKit/537.36 (KHTML, like Gecko) Chrome/70.0.3538.77 Safari/537.36"
[Sat May 04 2019 13:07:27 GMT+0200 (Central European Summer Time)] "GET /uv/img/pixel.gif" "Mozilla/5.0 (X11; Linux x86_64) AppleWebKit/537.36 (KHTML, like Gecko) Chrome/70.0.3538.77 Safari/537.36"
[Sat May 04 2019 13:07:27 GMT+0200 (Central European Summer Time)] "GET /collection/ParkoszPWN/_01/Image_0001.jpg" "Mozilla/5.0 (X11; Linux x86_64) AppleWebKit/537.36 (KHTML, like Gecko) Chrome/70.0.3538.77 Safari/537.36"
[Sat May 04 2019 13:07:27 GMT+0200 (Central European Summer Time)] "GET /collection/ParkoszPWN/_01/thumb.jpeg?t=1556968047812" "Mozilla/5.0 (X11; Linux x86_64) AppleWebKit/537.36 (KHTML, like Gecko) Chrome/70.0.3538.77 Safari/537.36"
[Sat May 04 2019 13:07:27 GMT+0200 (Central European Summer Time)] "GET /collection/ParkoszPWN/_02/thumb.jpeg?t=1556968047813" "Mozilla/5.0 (X11; Linux x86_64) AppleWebKit/537.36 (KHTML, like Gecko) Chrome/70.0.3538.77 Safari/537.36"
[Sat May 04 2019 13:07:27 GMT+0200 (Central European Summer Time)] "GET /collection/ParkoszPWN/_03/thumb.jpeg?t=1556968047813" "Mozilla/5.0 (X11; Linux x86_64) AppleWebKit/537.36 (KHTML, like Gecko) Chrome/70.0.3538.77 Safari/537.36"
[Sat May 04 2019 13:07:27 GMT+0200 (Central European Summer Time)] "GET /collection/ParkoszPWN/_04/thumb.jpeg?t=1556968047814" "Mozilla/5.0 (X11; Linux x86_64) AppleWebKit/537.36 (KHTML, like Gecko) Chrome/70.0.3538.77 Safari/537.36"
[Sat May 04 2019 13:07:27 GMT+0200 (Central European Summer Time)] "GET /collection/ParkoszPWN/_05/thumb.jpeg?t=1556968047814" "Mozilla/5.0 (X11; Linux x86_64) AppleWebKit/537.36 (KHTML, like Gecko) Chrome/70.0.3538.77 Safari/537.36"
[Sat May 04 2019 13:07:27 GMT+0200 (Central European Summer Time)] "GET /collection/ParkoszPWN/_06/thumb.jpeg?t=1556968047815" "Mozilla/5.0 (X11; Linux x86_64) AppleWebKit/537.36 (KHTML, like Gecko) Chrome/70.0.3538.77 Safari/537.36"
[Sat May 04 2019 13:07:27 GMT+0200 (Central European Summer Time)] "GET /collection/ParkoszPWN/_07/thumb.jpeg?t=1556968047815" "Mozilla/5.0 (X11; Linux x86_64) AppleWebKit/537.36 (KHTML, like Gecko) Chrome/70.0.3538.77 Safari/537.36"
[Sat May 04 2019 13:07:27 GMT+0200 (Central European Summer Time)] "GET /collection/ParkoszPWN/_08/thumb.jpeg?t=1556968047816" "Mozilla/5.0 (X11; Linux x86_64) AppleWebKit/537.36 (KHTML, like Gecko) Chrome/70.0.3538.77 Safari/537.36"
[Sat May 04 2019 13:07:27 GMT+0200 (Central European Summer Time)] "GET /collection/ParkoszPWN/_09/thumb.jpeg?t=1556968047817" "Mozilla/5.0 (X11; Linux x86_64) AppleWebKit/537.36 (KHTML, like Gecko) Chrome/70.0.3538.77 Safari/537.36"
[Sat May 04 2019 13:07:27 GMT+0200 (Central European Summer Time)] "GET /collection/ParkoszPWN/_10/thumb.jpeg?t=1556968047817" "Mozilla/5.0 (X11; Linux x86_64) AppleWebKit/537.36 (KHTML, like Gecko) Chrome/70.0.3538.77 Safari/537.36"
[Sat May 04 2019 13:07:27 GMT+0200 (Central European Summer Time)] "GET /collection/ParkoszPWN/_11/thumb.jpeg?t=1556968047817" "Mozilla/5.0 (X11; Linux x86_64) AppleWebKit/537.36 (KHTML, like Gecko) Chrome/70.0.3538.77 Safari/537.36"
[Sat May 04 2019 13:07:27 GMT+0200 (Central European Summer Time)] "GET /collection/ParkoszPWN/_12/thumb.jpeg?t=1556968047818" "Mozilla/5.0 (X11; Linux x86_64) AppleWebKit/537.36 (KHTML, like Gecko) Chrome/70.0.3538.77 Safari/537.36"
[Sat May 04 2019 13:07:27 GMT+0200 (Central European Summer Time)] "GET /collection/ParkoszPWN/_13/thumb.jpeg?t=1556968047818" "Mozilla/5.0 (X11; Linux x86_64) AppleWebKit/537.36 (KHTML, like Gecko) Chrome/70.0.3538.77 Safari/537.36"
[Sat May 04 2019 13:07:27 GMT+0200 (Central European Summer Time)] "GET /collection/ParkoszPWN/_14/thumb.jpeg?t=1556968047818" "Mozilla/5.0 (X11; Linux x86_64) AppleWebKit/537.36 (KHTML, like Gecko) Chrome/70.0.3538.77 Safari/537.36"
[Sat May 04 2019 13:07:32 GMT+0200 (Central European Summer Time)] "GET /collection/ParkoszJBC/index.json" "Mozilla/5.0 (X11; Linux x86_64) AppleWebKit/537.36 (KHTML, like Gecko) Chrome/70.0.3538.77 Safari/537.36"
[Sat May 04 2019 13:07:32 GMT+0200 (Central European Summer Time)] "GET /uv-config.json" "Mozilla/5.0 (X11; Linux x86_64) AppleWebKit/537.36 (KHTML, like Gecko) Chrome/70.0.3538.77 Safari/537.36"
[Sat May 04 2019 13:07:32 GMT+0200 (Central European Summer Time)] "GET /uv/lib/uv-seadragon-extension.en-GB.config.json" "Mozilla/5.0 (X11; Linux x86_64) AppleWebKit/537.36 (KHTML, like Gecko) Chrome/70.0.3538.77 Safari/537.36"
[Sat May 04 2019 13:07:32 GMT+0200 (Central European Summer Time)] "GET /collection/ParkoszJBC/_01/ParkoszJBC-001-000.jpg" "Mozilla/5.0 (X11; Linux x86_64) AppleWebKit/537.36 (KHTML, like Gecko) Chrome/70.0.3538.77 Safari/537.36"
[Sat May 04 2019 13:07:32 GMT+0200 (Central European Summer Time)] "GET /collection/ParkoszJBC/_01/thumb.jpeg?t=1556968052648" "Mozilla/5.0 (X11; Linux x86_64) AppleWebKit/537.36 (KHTML, like Gecko) Chrome/70.0.3538.77 Safari/537.36"
[Sat May 04 2019 13:07:32 GMT+0200 (Central European Summer Time)] "GET /collection/ParkoszJBC/_02/thumb.jpeg?t=1556968052648" "Mozilla/5.0 (X11; Linux x86_64) AppleWebKit/537.36 (KHTML, like Gecko) Chrome/70.0.3538.77 Safari/537.36"
[Sat May 04 2019 13:07:32 GMT+0200 (Central European Summer Time)] "GET /collection/ParkoszJBC/_03/thumb.jpeg?t=1556968052649" "Mozilla/5.0 (X11; Linux x86_64) AppleWebKit/537.36 (KHTML, like Gecko) Chrome/70.0.3538.77 Safari/537.36"
[Sat May 04 2019 13:07:32 GMT+0200 (Central European Summer Time)] "GET /collection/ParkoszJBC/_04/thumb.jpeg?t=1556968052649" "Mozilla/5.0 (X11; Linux x86_64) AppleWebKit/537.36 (KHTML, like Gecko) Chrome/70.0.3538.77 Safari/537.36"
[Sat May 04 2019 13:07:32 GMT+0200 (Central European Summer Time)] "GET /collection/ParkoszJBC/_05/thumb.jpeg?t=1556968052649" "Mozilla/5.0 (X11; Linux x86_64) AppleWebKit/537.36 (KHTML, like Gecko) Chrome/70.0.3538.77 Safari/537.36"
[Sat May 04 2019 13:07:32 GMT+0200 (Central European Summer Time)] "GET /collection/ParkoszJBC/_06/thumb.jpeg?t=1556968052650" "Mozilla/5.0 (X11; Linux x86_64) AppleWebKit/537.36 (KHTML, like Gecko) Chrome/70.0.3538.77 Safari/537.36"
[Sat May 04 2019 13:07:32 GMT+0200 (Central European Summer Time)] "GET /collection/ParkoszJBC/_07/thumb.jpeg?t=1556968052650" "Mozilla/5.0 (X11; Linux x86_64) AppleWebKit/537.36 (KHTML, like Gecko) Chrome/70.0.3538.77 Safari/537.36"
[Sat May 04 2019 13:07:32 GMT+0200 (Central European Summer Time)] "GET /collection/ParkoszJBC/_08/thumb.jpeg?t=1556968052651" "Mozilla/5.0 (X11; Linux x86_64) AppleWebKit/537.36 (KHTML, like Gecko) Chrome/70.0.3538.77 Safari/537.36"
[Sat May 04 2019 13:07:32 GMT+0200 (Central European Summer Time)] "GET /collection/ParkoszJBC/_09/thumb.jpeg?t=1556968052651" "Mozilla/5.0 (X11; Linux x86_64) AppleWebKit/537.36 (KHTML, like Gecko) Chrome/70.0.3538.77 Safari/537.36"
[Sat May 04 2019 13:07:32 GMT+0200 (Central European Summer Time)] "GET /collection/ParkoszJBC/_10/thumb.jpeg?t=1556968052652" "Mozilla/5.0 (X11; Linux x86_64) AppleWebKit/537.36 (KHTML, like Gecko) Chrome/70.0.3538.77 Safari/537.36"
[Sat May 04 2019 13:07:32 GMT+0200 (Central European Summer Time)] "GET /collection/ParkoszJBC/_11/thumb.jpeg?t=1556968052652" "Mozilla/5.0 (X11; Linux x86_64) AppleWebKit/537.36 (KHTML, like Gecko) Chrome/70.0.3538.77 Safari/537.36"
[Sat May 04 2019 13:07:32 GMT+0200 (Central European Summer Time)] "GET /collection/ParkoszJBC/_12/thumb.jpeg?t=1556968052652" "Mozilla/5.0 (X11; Linux x86_64) AppleWebKit/537.36 (KHTML, like Gecko) Chrome/70.0.3538.77 Safari/537.36"
[Sat May 04 2019 13:07:32 GMT+0200 (Central European Summer Time)] "GET /collection/ParkoszJBC/_13/thumb.jpeg?t=1556968052652" "Mozilla/5.0 (X11; Linux x86_64) AppleWebKit/537.36 (KHTML, like Gecko) Chrome/70.0.3538.77 Safari/537.36"
[Sat May 04 2019 13:07:32 GMT+0200 (Central European Summer Time)] "GET /collection/ParkoszJBC/_14/thumb.jpeg?t=1556968052653" "Mozilla/5.0 (X11; Linux x86_64) AppleWebKit/537.36 (KHTML, like Gecko) Chrome/70.0.3538.77 Safari/537.36"
  C-c C-chttp-server stopped.
jsbien@VivoPC-D8:~/GitHub/Parkosz4IIIF$ git commit -m "Make collection thumbs clickable again; name change"
On branch gh-pages
Your branch is ahead of 'origin/gh-pages' by 1 commit.
  (use "git push" to publish your local commits)

Changes not staged for commit:
	deleted:    collection/README.md
	modified:   index.html
	modified:   package.json

Untracked files:
	collection/ParkoszJBC/
	collection/ParkoszMF/
	collection/ParkoszPWN/
	collection/index.json
	uv/

no changes added to commit
jsbien@VivoPC-D8:~/GitHub/Parkosz4IIIF$ npm run publish:gh
npm WARN npm npm does not support Node.js v10.15.2
npm WARN npm You should probably upgrade to a newer version of node as we
npm WARN npm can't make any promises that npm will work with this version.
npm WARN npm Supported releases of Node.js are the latest release of 4, 6, 7, 8, 9.
npm WARN npm You can find the latest version at https://nodejs.org/

> uv-app-starter@0.0.1 publish:gh /home/jsbien/GitHub/Parkosz4IIIF
> npm run dist:gh && git add -A && git commit -m "published" && git push origin gh-pages

npm WARN npm npm does not support Node.js v10.15.2
npm WARN npm You should probably upgrade to a newer version of node as we
npm WARN npm can't make any promises that npm will work with this version.
npm WARN npm Supported releases of Node.js are the latest release of 4, 6, 7, 8, 9.
npm WARN npm You can find the latest version at https://nodejs.org/

> uv-app-starter@0.0.1 dist:gh /home/jsbien/GitHub/Parkosz4IIIF
> biiif collection -u https://jsbien.github.io/Parkosz4IIIF/collection -g

started biiifing collection
creating directory for: collection/ParkoszJBC
creating canvas for: collection/ParkoszJBC/_01
creating canvas for: collection/ParkoszJBC/_02
creating canvas for: collection/ParkoszJBC/_03
creating canvas for: collection/ParkoszJBC/_04
creating canvas for: collection/ParkoszJBC/_05
creating canvas for: collection/ParkoszJBC/_06
creating canvas for: collection/ParkoszJBC/_07
creating canvas for: collection/ParkoszJBC/_08
creating canvas for: collection/ParkoszJBC/_09
creating canvas for: collection/ParkoszJBC/_10
creating canvas for: collection/ParkoszJBC/_11
creating canvas for: collection/ParkoszJBC/_12
creating canvas for: collection/ParkoszJBC/_13
creating canvas for: collection/ParkoszJBC/_14
got metadata for: collection/ParkoszJBC
got metadata for: collection/ParkoszJBC/_01
found thumbnail for: collection/ParkoszJBC/_01
got metadata for: collection/ParkoszJBC/_02
found thumbnail for: collection/ParkoszJBC/_02
got metadata for: collection/ParkoszJBC/_03
found thumbnail for: collection/ParkoszJBC/_03
got metadata for: collection/ParkoszJBC/_04
found thumbnail for: collection/ParkoszJBC/_04
got metadata for: collection/ParkoszJBC/_05
found thumbnail for: collection/ParkoszJBC/_05
got metadata for: collection/ParkoszJBC/_06
found thumbnail for: collection/ParkoszJBC/_06
got metadata for: collection/ParkoszJBC/_07
found thumbnail for: collection/ParkoszJBC/_07
got metadata for: collection/ParkoszJBC/_08
found thumbnail for: collection/ParkoszJBC/_08
got metadata for: collection/ParkoszJBC/_09
found thumbnail for: collection/ParkoszJBC/_09
got metadata for: collection/ParkoszJBC/_10
found thumbnail for: collection/ParkoszJBC/_10
got metadata for: collection/ParkoszJBC/_11
found thumbnail for: collection/ParkoszJBC/_11
got metadata for: collection/ParkoszJBC/_12
found thumbnail for: collection/ParkoszJBC/_12
got metadata for: collection/ParkoszJBC/_13
found thumbnail for: collection/ParkoszJBC/_13
got metadata for: collection/ParkoszJBC/_14
found thumbnail for: collection/ParkoszJBC/_14
found thumbnail for: collection/ParkoszJBC
created index.json for: collection/ParkoszJBC
created manifest: collection/ParkoszJBC
creating directory for: collection/ParkoszMF
creating canvas for: collection/ParkoszMF/_01
creating canvas for: collection/ParkoszMF/_02
creating canvas for: collection/ParkoszMF/_03
creating canvas for: collection/ParkoszMF/_04
creating canvas for: collection/ParkoszMF/_05
creating canvas for: collection/ParkoszMF/_06
creating canvas for: collection/ParkoszMF/_07
creating canvas for: collection/ParkoszMF/_08
creating canvas for: collection/ParkoszMF/_09
creating canvas for: collection/ParkoszMF/_10
creating canvas for: collection/ParkoszMF/_11
creating canvas for: collection/ParkoszMF/_12
creating canvas for: collection/ParkoszMF/_13
creating canvas for: collection/ParkoszMF/_14
got metadata for: collection/ParkoszMF
got metadata for: collection/ParkoszMF/_01
found thumbnail for: collection/ParkoszMF/_01
got metadata for: collection/ParkoszMF/_02
found thumbnail for: collection/ParkoszMF/_02
got metadata for: collection/ParkoszMF/_03
found thumbnail for: collection/ParkoszMF/_03
got metadata for: collection/ParkoszMF/_04
found thumbnail for: collection/ParkoszMF/_04
got metadata for: collection/ParkoszMF/_05
found thumbnail for: collection/ParkoszMF/_05
got metadata for: collection/ParkoszMF/_06
found thumbnail for: collection/ParkoszMF/_06
got metadata for: collection/ParkoszMF/_07
found thumbnail for: collection/ParkoszMF/_07
got metadata for: collection/ParkoszMF/_08
found thumbnail for: collection/ParkoszMF/_08
got metadata for: collection/ParkoszMF/_09
found thumbnail for: collection/ParkoszMF/_09
got metadata for: collection/ParkoszMF/_10
found thumbnail for: collection/ParkoszMF/_10
got metadata for: collection/ParkoszMF/_11
found thumbnail for: collection/ParkoszMF/_11
got metadata for: collection/ParkoszMF/_12
found thumbnail for: collection/ParkoszMF/_12
got metadata for: collection/ParkoszMF/_13
found thumbnail for: collection/ParkoszMF/_13
got metadata for: collection/ParkoszMF/_14
found thumbnail for: collection/ParkoszMF/_14
found thumbnail for: collection/ParkoszMF
created index.json for: collection/ParkoszMF
created manifest: collection/ParkoszMF
creating directory for: collection/ParkoszPWN
creating canvas for: collection/ParkoszPWN/_01
creating canvas for: collection/ParkoszPWN/_02
creating canvas for: collection/ParkoszPWN/_03
creating canvas for: collection/ParkoszPWN/_04
creating canvas for: collection/ParkoszPWN/_05
creating canvas for: collection/ParkoszPWN/_06
creating canvas for: collection/ParkoszPWN/_07
creating canvas for: collection/ParkoszPWN/_08
creating canvas for: collection/ParkoszPWN/_09
creating canvas for: collection/ParkoszPWN/_10
creating canvas for: collection/ParkoszPWN/_11
creating canvas for: collection/ParkoszPWN/_12
creating canvas for: collection/ParkoszPWN/_13
creating canvas for: collection/ParkoszPWN/_14
got metadata for: collection/ParkoszPWN
got metadata for: collection/ParkoszPWN/_01
found thumbnail for: collection/ParkoszPWN/_01
got metadata for: collection/ParkoszPWN/_02
found thumbnail for: collection/ParkoszPWN/_02
got metadata for: collection/ParkoszPWN/_03
found thumbnail for: collection/ParkoszPWN/_03
got metadata for: collection/ParkoszPWN/_04
found thumbnail for: collection/ParkoszPWN/_04
got metadata for: collection/ParkoszPWN/_05
found thumbnail for: collection/ParkoszPWN/_05
got metadata for: collection/ParkoszPWN/_06
found thumbnail for: collection/ParkoszPWN/_06
got metadata for: collection/ParkoszPWN/_07
found thumbnail for: collection/ParkoszPWN/_07
got metadata for: collection/ParkoszPWN/_08
found thumbnail for: collection/ParkoszPWN/_08
got metadata for: collection/ParkoszPWN/_09
found thumbnail for: collection/ParkoszPWN/_09
got metadata for: collection/ParkoszPWN/_10
found thumbnail for: collection/ParkoszPWN/_10
got metadata for: collection/ParkoszPWN/_11
found thumbnail for: collection/ParkoszPWN/_11
got metadata for: collection/ParkoszPWN/_12
found thumbnail for: collection/ParkoszPWN/_12
got metadata for: collection/ParkoszPWN/_13
found thumbnail for: collection/ParkoszPWN/_13
got metadata for: collection/ParkoszPWN/_14
found thumbnail for: collection/ParkoszPWN/_14
found thumbnail for: collection/ParkoszPWN
created index.json for: collection/ParkoszPWN
created manifest: collection/ParkoszPWN
no metadata found for: collection
found thumbnail for: collection/ParkoszJBC
found thumbnail for: collection/ParkoszMF
found thumbnail for: collection/ParkoszPWN
no manifests.yml found for: collection
created index.json for: collection
created collection: collection
finished biiifing collection
[gh-pages 3a8898d] published
 235 files changed, 115758 insertions(+), 9 deletions(-)
 create mode 100644 collection/ParkoszJBC/_01/ParkoszJBC-001-000.jpg
 create mode 100644 collection/ParkoszJBC/_01/info.yml
 create mode 100644 collection/ParkoszJBC/_01/thumb.jpeg
 create mode 100644 collection/ParkoszJBC/_02/ParkoszJBC-002-001.jpg
 create mode 100644 collection/ParkoszJBC/_02/info.yml
 create mode 100644 collection/ParkoszJBC/_02/thumb.jpeg
 create mode 100644 collection/ParkoszJBC/_03/ParkoszJBC-003-002.jpg
 create mode 100644 collection/ParkoszJBC/_03/info.yml
 create mode 100644 collection/ParkoszJBC/_03/thumb.jpeg
 create mode 100644 collection/ParkoszJBC/_04/ParkoszJBC-004-003.jpg
 create mode 100644 collection/ParkoszJBC/_04/info.yml
 create mode 100644 collection/ParkoszJBC/_04/thumb.jpeg
 create mode 100644 collection/ParkoszJBC/_05/ParkoszJBC-005-004.jpg
 create mode 100644 collection/ParkoszJBC/_05/info.yml
 create mode 100644 collection/ParkoszJBC/_05/thumb.jpeg
 create mode 100644 collection/ParkoszJBC/_06/ParkoszJBC-006-005.jpg
 create mode 100644 collection/ParkoszJBC/_06/info.yml
 create mode 100644 collection/ParkoszJBC/_06/thumb.jpeg
 create mode 100644 collection/ParkoszJBC/_07/ParkoszJBC-007-006.jpg
 create mode 100644 collection/ParkoszJBC/_07/info.yml
 create mode 100644 collection/ParkoszJBC/_07/thumb.jpeg
 create mode 100644 collection/ParkoszJBC/_08/ParkoszJBC-008-007.jpg
 create mode 100644 collection/ParkoszJBC/_08/info.yml
 create mode 100644 collection/ParkoszJBC/_08/thumb.jpeg
 create mode 100644 collection/ParkoszJBC/_09/ParkoszJBC-009-008.jpg
 create mode 100644 collection/ParkoszJBC/_09/info.yml
 create mode 100644 collection/ParkoszJBC/_09/thumb.jpeg
 create mode 100644 collection/ParkoszJBC/_10/ParkoszJBC-010-009.jpg
 create mode 100644 collection/ParkoszJBC/_10/info.yml
 create mode 100644 collection/ParkoszJBC/_10/thumb.jpeg
 create mode 100644 collection/ParkoszJBC/_11/ParkoszJBC-011-010.jpg
 create mode 100644 collection/ParkoszJBC/_11/info.yml
 create mode 100644 collection/ParkoszJBC/_11/thumb.jpeg
 create mode 100644 collection/ParkoszJBC/_12/ParkoszJBC-012-011.jpg
 create mode 100644 collection/ParkoszJBC/_12/info.yml
 create mode 100644 collection/ParkoszJBC/_12/thumb.jpeg
 create mode 100644 collection/ParkoszJBC/_13/ParkoszJBC-013-012.jpg
 create mode 100644 collection/ParkoszJBC/_13/info.yml
 create mode 100644 collection/ParkoszJBC/_13/thumb.jpeg
 create mode 100644 collection/ParkoszJBC/_14/ParkoszJBC-016-015.jpg
 create mode 100644 collection/ParkoszJBC/_14/info.yml
 create mode 100644 collection/ParkoszJBC/_14/thumb.jpeg
 create mode 100644 collection/ParkoszJBC/index.json
 create mode 100644 collection/ParkoszJBC/info.yml
 create mode 100644 collection/ParkoszJBC/thumb.jpg
 create mode 100644 collection/ParkoszMF/_01/0010_2R.jpg
 create mode 100644 collection/ParkoszMF/_01/info.yml
 create mode 100644 collection/ParkoszMF/_01/thumb.jpeg
 create mode 100644 collection/ParkoszMF/_02/0011_1L.jpg
 create mode 100644 collection/ParkoszMF/_02/info.yml
 create mode 100644 collection/ParkoszMF/_02/info.yml~
 create mode 100644 collection/ParkoszMF/_02/thumb.jpeg
 create mode 100644 collection/ParkoszMF/_03/0011_2R.jpg
 create mode 100644 collection/ParkoszMF/_03/info.yml
 create mode 100644 collection/ParkoszMF/_03/thumb.jpeg
 create mode 100644 collection/ParkoszMF/_04/0012_1L.jpg
 create mode 100644 collection/ParkoszMF/_04/info.yml
 create mode 100644 collection/ParkoszMF/_04/thumb.jpeg
 create mode 100644 collection/ParkoszMF/_05/0012_2R.jpg
 create mode 100644 collection/ParkoszMF/_05/info.yml
 create mode 100644 collection/ParkoszMF/_05/thumb.jpeg
 create mode 100644 collection/ParkoszMF/_06/0013_1L.jpg
 create mode 100644 collection/ParkoszMF/_06/info.yml
 create mode 100644 collection/ParkoszMF/_06/thumb.jpeg
 create mode 100644 collection/ParkoszMF/_07/0013_2R.jpg
 create mode 100644 collection/ParkoszMF/_07/info.yml
 create mode 100644 collection/ParkoszMF/_07/thumb.jpeg
 create mode 100644 collection/ParkoszMF/_08/0014_1L.jpg
 create mode 100644 collection/ParkoszMF/_08/info.yml
 create mode 100644 collection/ParkoszMF/_08/thumb.jpeg
 create mode 100644 collection/ParkoszMF/_09/0014_2R.jpg
 create mode 100644 collection/ParkoszMF/_09/info.yml
 create mode 100644 collection/ParkoszMF/_09/thumb.jpeg
 create mode 100644 collection/ParkoszMF/_10/0015_1L.jpg
 create mode 100644 collection/ParkoszMF/_10/info.yml
 create mode 100644 collection/ParkoszMF/_10/info.yml~
 create mode 100644 collection/ParkoszMF/_10/thumb.jpeg
 create mode 100644 collection/ParkoszMF/_11/0015_2R.jpg
 create mode 100644 collection/ParkoszMF/_11/info.yml
 create mode 100644 collection/ParkoszMF/_11/thumb.jpeg
 create mode 100644 collection/ParkoszMF/_12/0016_1L.jpg
 create mode 100644 collection/ParkoszMF/_12/info.yml
 create mode 100644 collection/ParkoszMF/_12/thumb.jpeg
 create mode 100644 collection/ParkoszMF/_13/0016_2R.jpg
 create mode 100644 collection/ParkoszMF/_13/info.yml
 create mode 100644 collection/ParkoszMF/_13/thumb.jpeg
 create mode 100644 collection/ParkoszMF/_14/0017_1L.jpg
 create mode 100644 collection/ParkoszMF/_14/info.yml
 create mode 100644 collection/ParkoszMF/_14/thumb.jpeg
 create mode 100644 collection/ParkoszMF/index.json
 create mode 100644 collection/ParkoszMF/info.yml
 create mode 100644 collection/ParkoszMF/thumb.jpg
 create mode 100644 collection/ParkoszPWN/_01/Image_0001.jpg
 create mode 100644 collection/ParkoszPWN/_01/info.yml
 create mode 100644 collection/ParkoszPWN/_01/thumb.jpeg
 create mode 100644 collection/ParkoszPWN/_02/Image_0002.jpg
 create mode 100644 collection/ParkoszPWN/_02/info.yml
 create mode 100644 collection/ParkoszPWN/_02/info.yml~
 create mode 100644 collection/ParkoszPWN/_02/thumb.jpeg
 create mode 100644 collection/ParkoszPWN/_03/Image_0003.jpg
 create mode 100644 collection/ParkoszPWN/_03/info.yml
 create mode 100644 collection/ParkoszPWN/_03/info.yml~
 create mode 100644 collection/ParkoszPWN/_03/thumb.jpeg
 create mode 100644 collection/ParkoszPWN/_04/Image_0004.jpg
 create mode 100644 collection/ParkoszPWN/_04/info.yml
 create mode 100644 collection/ParkoszPWN/_04/info.yml~
 create mode 100644 collection/ParkoszPWN/_04/thumb.jpeg
 create mode 100644 collection/ParkoszPWN/_05/Image_0005.jpg
 create mode 100644 collection/ParkoszPWN/_05/info.yml
 create mode 100644 collection/ParkoszPWN/_05/info.yml~
 create mode 100644 collection/ParkoszPWN/_05/thumb.jpeg
 create mode 100644 collection/ParkoszPWN/_06/Image_0006.jpg
 create mode 100644 collection/ParkoszPWN/_06/info.yml
 create mode 100644 collection/ParkoszPWN/_06/info.yml~
 create mode 100644 collection/ParkoszPWN/_06/thumb.jpeg
 create mode 100644 collection/ParkoszPWN/_07/Image_0007.jpg
 create mode 100644 collection/ParkoszPWN/_07/info.yml
 create mode 100644 collection/ParkoszPWN/_07/info.yml~
 create mode 100644 collection/ParkoszPWN/_07/thumb.jpeg
 create mode 100644 collection/ParkoszPWN/_08/Image_0008.jpg
 create mode 100644 collection/ParkoszPWN/_08/info.yml
 create mode 100644 collection/ParkoszPWN/_08/info.yml~
 create mode 100644 collection/ParkoszPWN/_08/thumb.jpeg
 create mode 100644 collection/ParkoszPWN/_09/Image_0009.jpg
 create mode 100644 collection/ParkoszPWN/_09/info.yml
 create mode 100644 collection/ParkoszPWN/_09/info.yml~
 create mode 100644 collection/ParkoszPWN/_09/thumb.jpeg
 create mode 100644 collection/ParkoszPWN/_10/Image_0010.jpg
 create mode 100644 collection/ParkoszPWN/_10/info.yml
 create mode 100644 collection/ParkoszPWN/_10/info.yml~
 create mode 100644 collection/ParkoszPWN/_10/thumb.jpeg
 create mode 100644 collection/ParkoszPWN/_11/Image_0011.jpg
 create mode 100644 collection/ParkoszPWN/_11/info.yml
 create mode 100644 collection/ParkoszPWN/_11/info.yml~
 create mode 100644 collection/ParkoszPWN/_11/thumb.jpeg
 create mode 100644 collection/ParkoszPWN/_12/Image_0012.jpg
 create mode 100644 collection/ParkoszPWN/_12/info.yml
 create mode 100644 collection/ParkoszPWN/_12/info.yml~
 create mode 100644 collection/ParkoszPWN/_12/thumb.jpeg
 create mode 100644 collection/ParkoszPWN/_13/Image_0013.jpg
 create mode 100644 collection/ParkoszPWN/_13/info.yml
 create mode 100644 collection/ParkoszPWN/_13/info.yml~
 create mode 100644 collection/ParkoszPWN/_13/thumb.jpeg
 create mode 100644 collection/ParkoszPWN/_14/Image_0014.jpg
 create mode 100644 collection/ParkoszPWN/_14/info.yml
 create mode 100644 collection/ParkoszPWN/_14/info.yml~
 create mode 100644 collection/ParkoszPWN/_14/thumb.jpeg
 create mode 100644 collection/ParkoszPWN/index.json
 create mode 100644 collection/ParkoszPWN/info.yml
 create mode 100644 collection/ParkoszPWN/thumb.jpg
 delete mode 100644 collection/README.md
 create mode 100644 collection/index.json
 create mode 100644 uv/build.js.map
 create mode 100644 uv/favicon.ico
 create mode 100644 uv/helpers.js
 create mode 100644 uv/img/pixel.gif
 create mode 100644 uv/info.json
 create mode 100644 uv/lib/AVComponent.js
 create mode 100644 uv/lib/Detector.js
 create mode 100644 uv/lib/GLTFLoader.js
 create mode 100644 uv/lib/GalleryComponent.js
 create mode 100644 uv/lib/MTLLoader.js
 create mode 100644 uv/lib/MetadataComponent.js
 create mode 100644 uv/lib/OBJLoader.js
 create mode 100644 uv/lib/PLYLoader.js
 create mode 100644 uv/lib/TreeComponent.js
 create mode 100644 uv/lib/VRControls.js
 create mode 100644 uv/lib/VREffect.js
 create mode 100644 uv/lib/WebVR.js
 create mode 100644 uv/lib/dash.all.min.js
 create mode 100644 uv/lib/hls.min.js
 create mode 100644 uv/lib/iiifgallery.proxy.js
 create mode 100644 uv/lib/jquery-ui.min.js
 create mode 100644 uv/lib/jquery.binarytransport.js
 create mode 100644 uv/lib/jquery.ui.touch-punch.min.js
 create mode 100644 uv/lib/mediaelement-and-player.js
 create mode 100644 uv/lib/offline.js
 create mode 100644 uv/lib/openseadragon.min.js
 create mode 100644 uv/lib/pdf.combined.js
 create mode 100644 uv/lib/stats.min.js
 create mode 100644 uv/lib/three.min.js
 create mode 100644 uv/lib/uv-av-extension-dependencies.js
 create mode 100644 uv/lib/uv-av-extension.cy-GB.config.json
 create mode 100644 uv/lib/uv-av-extension.en-GB.config.json
 create mode 100644 uv/lib/uv-av-extension.fr-FR.config.json
 create mode 100644 uv/lib/uv-av-extension.sv-SE.config.json
 create mode 100644 uv/lib/uv-default-extension-dependencies.js
 create mode 100644 uv/lib/uv-default-extension.cy-GB.config.json
 create mode 100644 uv/lib/uv-default-extension.en-GB.config.json
 create mode 100644 uv/lib/uv-default-extension.fr-FR.config.json
 create mode 100644 uv/lib/uv-default-extension.sv-SE.config.json
 create mode 100644 uv/lib/uv-mediaelement-extension-dependencies.js
 create mode 100644 uv/lib/uv-mediaelement-extension.cy-GB.config.json
 create mode 100644 uv/lib/uv-mediaelement-extension.en-GB.config.json
 create mode 100644 uv/lib/uv-mediaelement-extension.fr-FR.config.json
 create mode 100644 uv/lib/uv-mediaelement-extension.sv-SE.config.json
 create mode 100644 uv/lib/uv-pdf-extension-dependencies.js
 create mode 100644 uv/lib/uv-pdf-extension.cy-GB.config.json
 create mode 100644 uv/lib/uv-pdf-extension.en-GB.config.json
 create mode 100644 uv/lib/uv-pdf-extension.fr-FR.config.json
 create mode 100644 uv/lib/uv-pdf-extension.sv-SE.config.json
 create mode 100644 uv/lib/uv-seadragon-extension-dependencies.js
 create mode 100644 uv/lib/uv-seadragon-extension.cy-GB.config.json
 create mode 100644 uv/lib/uv-seadragon-extension.en-GB.config.json
 create mode 100644 uv/lib/uv-seadragon-extension.fr-FR.config.json
 create mode 100644 uv/lib/uv-seadragon-extension.sv-SE.config.json
 create mode 100644 uv/lib/uv-seadragon-extension.xx-XX.config.json
 create mode 100644 uv/lib/uv-virtex-extension-dependencies.js
 create mode 100644 uv/lib/uv-virtex-extension.cy-GB.config.json
 create mode 100644 uv/lib/uv-virtex-extension.en-GB.config.json
 create mode 100644 uv/lib/uv-virtex-extension.fr-FR.config.json
 create mode 100644 uv/lib/uv-virtex-extension.sv-SE.config.json
 create mode 100644 uv/lib/virtex.js
 create mode 100644 uv/lib/waveform-data.js
 create mode 100644 uv/themes/uv-cy-gb-theme/assets/uv-mediaelementcenterpanel-module/mejs-controls.svg
 create mode 100644 uv/themes/uv-cy-gb-theme/css/uv-av-extension/theme.css
 create mode 100644 uv/themes/uv-cy-gb-theme/css/uv-default-extension/theme.css
 create mode 100644 uv/themes/uv-cy-gb-theme/css/uv-mediaelement-extension/theme.css
 create mode 100644 uv/themes/uv-cy-gb-theme/css/uv-pdf-extension/theme.css
 create mode 100644 uv/themes/uv-cy-gb-theme/css/uv-seadragon-extension/theme.css
 create mode 100644 uv/themes/uv-cy-gb-theme/css/uv-virtex-extension/theme.css
 create mode 100644 uv/themes/uv-en-gb-theme/assets/hamburger.png
 create mode 100644 uv/themes/uv-en-gb-theme/assets/uv-mediaelementcenterpanel-module/mejs-controls.svg
 create mode 100644 uv/themes/uv-en-gb-theme/css/uv-av-extension/theme.css
 create mode 100644 uv/themes/uv-en-gb-theme/css/uv-default-extension/theme.css
 create mode 100644 uv/themes/uv-en-gb-theme/css/uv-mediaelement-extension/theme.css
 create mode 100644 uv/themes/uv-en-gb-theme/css/uv-pdf-extension/theme.css
 create mode 100644 uv/themes/uv-en-gb-theme/css/uv-seadragon-extension/theme.css
 create mode 100644 uv/themes/uv-en-gb-theme/css/uv-virtex-extension/theme.css
 create mode 100644 uv/uv.css
 create mode 100644 uv/uv.html
 create mode 100644 uv/uv.js
 create mode 100644 uv/uv.zip
Username for 'https://github.com': jsbien
Password for 'https://jsbien@github.com': 
Enumerating objects: 269, done.
Counting objects: 100% (269/269), done.
Delta compression using up to 4 threads
Compressing objects: 100% (235/235), done.
Writing objects: 100% (265/265), 106.52 MiB | 243.00 KiB/s, done.
Total 265 (delta 45), reused 13 (delta 0)
remote: Resolving deltas: 100% (45/45), completed with 3 local objects.        
To https://github.com/jsbien/Parkosz4IIIF.git
   91e8dab..3a8898d  gh-pages -> gh-pages
jsbien@VivoPC-D8:~/GitHub/Parkosz4IIIF$ git log -p -- index.html 
WARNING: terminal is not fully functional
-  (press RETURN)
commit 3a8898dc20d9635abc2c45622b09e8af6b4799af (HEAD -> gh-pages, origin/gh-pages, origin/HEAD)
Author: Janusz S. Bie <jsbien@mimuw.edu.pl>
Date:   Sat May 4 13:11:38 2019 +0200

    published

diff --git a/index.html b/index.html
index e0357fa..9e1755e 100644
--- a/index.html
+++ b/index.html
@@ -5,7 +5,7 @@
     <meta charset="UTF-8">
     <meta name="viewport" content="width=device-width, initial-scale=1.0">
     <meta http-equiv="X-UA-Compatible" content="ie=edge">
-    <title>My Collection</title>
+    <title>Rkopis traktatu Parkosza</title>
     <link rel="stylesheet" type="text/css" href="uv/uv.css">
     <link rel="stylesheet" type="text/css" href="styles.css">
     <link rel="stylesheet" type="text/css" href="https://unpkg.com/tachyons/css/tachyons.min.css" />
@@ -17,14 +17,14 @@
 <body>
 
     <nav>
-        <h1>My Collection</h1>
+        <h1>Rkopis traktatu Parkosza</h1>
     </nav>
 
:
     <main>
:
 
:
         <div id="uv" class="uv"></div>
:
 
:
-        <iiif-gallery manifest="/collection/index.json"></iiif-gallery>
:
+        <iiif-gallery manifest="/Parkosz4IIIF/collection/index.json"></iiif-gallery>
:
 
:
     </main>
:
 
:
@@ -85,12 +85,12 @@
:
 
:
             const iiifGallery = document.querySelector('iiif-gallery');
:
 
:
-            iiifGallery.addEventListener('onSelectManifest', function (evt) {
:
+            iiifGallery.addEventListener('selectManifest', function (evt) {
:
                 manifest = evt.detail.id;
:
                 openManifest();
:q

jsbien@VivoPC-D8:~/GitHub/Parkosz4IIIF$ jsbien@VivoPC-D8:~/GitHub/Parkosz4IIIF$ git log  -- index.html 
WARNING: terminal is not fully functional
-  (press RETURN)
commit 3a8898dc20d9635abc2c45622b09e8af6b4799af (HEAD -> gh-pages, origin/gh-pages, origin/HEAD)
Author: Janusz S. Bie <jsbien@mimuw.edu.pl>
Date:   Sat May 4 13:11:38 2019 +0200

    published

commit 91e8dabe68f349ba6822b2219f5f93d89589c031
Author: Edward Silverton <e.silverton@gmail.com>
Date:   Wed May 1 11:30:34 2019 +0100

    updated iiif-gallery

commit 924fa07f2f7f5b27621143c53fe43b48b3fd6631
Author: Edward Silverton <e.silverton@gmail.com>
Date:   Sat Apr 27 17:41:33 2019 +0100

    updated biiif and uv

commit e21831dc9f068e1f3a8d59aedfe75ab6c9c05397
Author: edsilv <e.silverton@gmail.com>
Date:   Tue Feb 13 22:45:40 2018 +0000

    updated uv, init uv on load

commit 518bb11fcefdb03952ed1733fc332148b59d0850
Author: edsilv <e.silverton@gmail.com>
Date:   Sun Feb 11 14:00:06 2018 +0000
: